  main.cpp
d:\study\4 course\1 семестр\многомерные приложения\лабораторные работы\lab_5\lab_5\main.cpp(110): warning C4244: аргумент: преобразование "int" в "_Tp", возможна потеря данных
          with
          [
              _Tp=float
          ]
d:\study\4 course\1 семестр\многомерные приложения\лабораторные работы\lab_5\lab_5\main.cpp(111): warning C4244: аргумент: преобразование "int" в "_Tp", возможна потеря данных
          with
          [
              _Tp=float
          ]
d:\study\4 course\1 семестр\многомерные приложения\лабораторные работы\lab_5\lab_5\main.cpp(112): warning C4244: аргумент: преобразование "int" в "_Tp", возможна потеря данных
          with
          [
              _Tp=float
          ]
d:\study\4 course\1 семестр\многомерные приложения\лабораторные работы\lab_5\lab_5\main.cpp(115): warning C4244: аргумент: преобразование "int" в "_Tp", возможна потеря данных
          with
          [
              _Tp=float
          ]
d:\study\4 course\1 семестр\многомерные приложения\лабораторные работы\lab_5\lab_5\main.cpp(116): warning C4244: аргумент: преобразование "int" в "_Tp", возможна потеря данных
          with
          [
              _Tp=float
          ]
d:\study\4 course\1 семестр\многомерные приложения\лабораторные работы\lab_5\lab_5\main.cpp(117): warning C4244: аргумент: преобразование "int" в "_Tp", возможна потеря данных
          with
          [
              _Tp=float
          ]
  Lab_5.vcxproj -> D:\Study\4 Course\1 семестр\Многомерные приложения\Лабораторные работы\Lab_5\x64\Debug\Lab_5.exe
